<?xml version="1.0" encoding="UTF-8"?>
<testsuite xmlns:xsi="http://www.w3.org/2001/XMLSchema-instance" xsi:noNamespaceSchemaLocation="https://maven.apache.org/surefire/maven-surefire-plugin/xsd/surefire-test-report.xsd" version="3.0.2" name="com.market.storage.resource.ProductResourceTest" time="0.558" tests="9" errors="0" skipped="0" failures="0">
  <properties>
    <property name="java.specification.version" value="21"/>
    <property name="sun.cpu.isalist" value="amd64"/>
    <property name="test.url" value="http://localhost:64076"/>
    <property name="sun.jnu.encoding" value="Cp1251"/>
    <property name="io.quarkus.security.http.test-if-basic-auth-implicitly-required" value="true"/>
    <property name="java.class.path" value="C:\MarketTest\storage-service\target\test-classes;C:\MarketTest\storage-service\target\classes;C:\Users\stepa\.m2\repository\io\quarkus\quarkus-jdbc-postgresql\3.24.4\quarkus-jdbc-postgresql-3.24.4.jar;C:\Users\stepa\.m2\repository\io\quarkus\quarkus-agroal\3.24.4\quarkus-agroal-3.24.4.jar;C:\Users\stepa\.m2\repository\io\quarkus\quarkus-datasource\3.24.4\quarkus-datasource-3.24.4.jar;C:\Users\stepa\.m2\repository\io\agroal\agroal-api\2.7.1\agroal-api-2.7.1.jar;C:\Users\stepa\.m2\repository\io\agroal\agroal-narayana\2.7.1\agroal-narayana-2.7.1.jar;C:\Users\stepa\.m2\repository\org\jboss\jboss-transaction-spi\8.0.0.Final\jboss-transaction-spi-8.0.0.Final.jar;C:\Users\stepa\.m2\repository\io\agroal\agroal-pool\2.7.1\agroal-pool-2.7.1.jar;C:\Users\stepa\.m2\repository\io\quarkus\quarkus-credentials\3.24.4\quarkus-credentials-3.24.4.jar;C:\Users\stepa\.m2\repository\org\postgresql\postgresql\42.7.7\postgresql-42.7.7.jar;C:\Users\stepa\.m2\repository\io\quarkus\quarkus-liquibase\3.24.4\quarkus-liquibase-3.24.4.jar;C:\Users\stepa\.m2\repository\io\quarkus\quarkus-core\3.24.4\quarkus-core-3.24.4.jar;C:\Users\stepa\.m2\repository\jakarta\annotation\jakarta.annotation-api\3.0.0\jakarta.annotation-api-3.0.0.jar;C:\Users\stepa\.m2\repository\jakarta\enterprise\jakarta.enterprise.cdi-api\4.1.0\jakarta.enterprise.cdi-api-4.1.0.jar;C:\Users\stepa\.m2\repository\jakarta\enterprise\jakarta.enterprise.lang-model\4.1.0\jakarta.enterprise.lang-model-4.1.0.jar;C:\Users\stepa\.m2\repository\jakarta\interceptor\jakarta.interceptor-api\2.2.0\jakarta.interceptor-api-2.2.0.jar;C:\Users\stepa\.m2\repository\jakarta\inject\jakarta.inject-api\2.0.1\jakarta.inject-api-2.0.1.jar;C:\Users\stepa\.m2\repository\io\smallrye\common\smallrye-common-os\2.12.2\smallrye-common-os-2.12.2.jar;C:\Users\stepa\.m2\repository\io\quarkus\quarkus-ide-launcher\3.24.4\quarkus-ide-launcher-3.24.4.jar;C:\Users\stepa\.m2\repository\io\quarkus\quarkus-development-mode-spi\3.24.4\quarkus-development-mode-spi-3.24.4.jar;C:\Users\stepa\.m2\repository\io\smallrye\config\smallrye-config\3.13.2\smallrye-config-3.13.2.jar;C:\Users\stepa\.m2\repository\io\smallrye\config\smallrye-config-core\3.13.2\smallrye-config-core-3.13.2.jar;C:\Users\stepa\.m2\repository\org\jboss\logging\jboss-logging\3.6.1.Final\jboss-logging-3.6.1.Final.jar;C:\Users\stepa\.m2\repository\org\jboss\logmanager\jboss-logmanager\3.1.2.Final\jboss-logmanager-3.1.2.Final.jar;C:\Users\stepa\.m2\repository\io\smallrye\common\smallrye-common-cpu\2.12.2\smallrye-common-cpu-2.12.2.jar;C:\Users\stepa\.m2\repository\io\smallrye\common\smallrye-common-expression\2.12.2\smallrye-common-expression-2.12.2.jar;C:\Users\stepa\.m2\repository\io\smallrye\common\smallrye-common-net\2.12.2\smallrye-common-net-2.12.2.jar;C:\Users\stepa\.m2\repository\io\smallrye\common\smallrye-common-ref\2.12.2\smallrye-common-ref-2.12.2.jar;C:\Users\stepa\.m2\repository\org\jboss\threads\jboss-threads\3.9.1\jboss-threads-3.9.1.jar;C:\Users\stepa\.m2\repository\io\smallrye\common\smallrye-common-annotation\2.12.2\smallrye-common-annotation-2.12.2.jar;C:\Users\stepa\.m2\repository\io\smallrye\common\smallrye-common-function\2.12.2\smallrye-common-function-2.12.2.jar;C:\Users\stepa\.m2\repository\org\slf4j\slf4j-api\2.0.6\slf4j-api-2.0.6.jar;C:\Users\stepa\.m2\repository\org\jboss\slf4j\slf4j-jboss-logmanager\2.0.0.Final\slf4j-jboss-logmanager-2.0.0.Final.jar;C:\Users\stepa\.m2\repository\org\wildfly\common\wildfly-common\2.0.1\wildfly-common-2.0.1.jar;C:\Users\stepa\.m2\repository\io\quarkus\quarkus-bootstrap-runner\3.24.4\quarkus-bootstrap-runner-3.24.4.jar;C:\Users\stepa\.m2\repository\io\quarkus\quarkus-fs-util\1.0.0\quarkus-fs-util-1.0.0.jar;C:\Users\stepa\.m2\repository\io\quarkus\quarkus-liquibase-common\3.24.4\quarkus-liquibase-common-3.24.4.jar;C:\Users\stepa\.m2\repository\org\liquibase\liquibase-core\4.29.1\liquibase-core-4.29.1.jar;C:\Users\stepa\.m2\repository\com\opencsv\opencsv\5.9\opencsv-5.9.jar;C:\Users\stepa\.m2\repository\commons-io\commons-io\2.19.0\commons-io-2.19.0.jar;C:\Users\stepa\.m2\repository\org\apache\commons\commons-collections4\4.4\commons-collections4-4.4.jar;C:\Users\stepa\.m2\repository\org\apache\commons\commons-text\1.13.1\commons-text-1.13.1.jar;C:\Users\stepa\.m2\repository\org\apache\commons\commons-lang3\3.17.0\commons-lang3-3.17.0.jar;C:\Users\stepa\.m2\repository\org\osgi\osgi.core\6.0.0\osgi.core-6.0.0.jar;C:\Users\stepa\.m2\repository\org\yaml\snakeyaml\2.4\snakeyaml-2.4.jar;C:\Users\stepa\.m2\repository\io\quarkus\quarkus-jaxb\3.24.4\quarkus-jaxb-3.24.4.jar;C:\Users\stepa\.m2\repository\io\quarkus\quarkus-jaxp\3.24.4\quarkus-jaxp-3.24.4.jar;C:\Users\stepa\.m2\repository\org\glassfish\jaxb\jaxb-runtime\4.0.5\jaxb-runtime-4.0.5.jar;C:\Users\stepa\.m2\repository\org\glassfish\jaxb\jaxb-core\4.0.5\jaxb-core-4.0.5.jar;C:\Users\stepa\.m2\repository\org\glassfish\jaxb\txw2\4.0.5\txw2-4.0.5.jar;C:\Users\stepa\.m2\repository\com\sun\istack\istack-commons-runtime\4.1.2\istack-commons-runtime-4.1.2.jar;C:\Users\stepa\.m2\repository\io\quarkus\quarkus-datasource-common\3.24.4\quarkus-datasource-common-3.24.4.jar;C:\Users\stepa\.m2\repository\io\quarkus\quarkus-narayana-jta\3.24.4\quarkus-narayana-jta-3.24.4.jar;C:\Users\stepa\.m2\repository\io\quarkus\quarkus-transaction-annotations\3.24.4\quarkus-transaction-annotations-3.24.4.jar;C:\Users\stepa\.m2\repository\io\smallrye\smallrye-context-propagation-jta\2.2.1\smallrye-context-propagation-jta-2.2.1.jar;C:\Users\stepa\.m2\repository\jakarta\transaction\jakarta.transaction-api\2.0.1\jakarta.transaction-api-2.0.1.jar;C:\Users\stepa\.m2\repository\io\smallrye\reactive\smallrye-reactive-converter-api\3.0.3\smallrye-reactive-converter-api-3.0.3.jar;C:\Users\stepa\.m2\repository\org\reactivestreams\reactive-streams\1.0.4\reactive-streams-1.0.4.jar;C:\Users\stepa\.m2\repository\io\smallrye\reactive\smallrye-reactive-converter-mutiny\3.0.3\smallrye-reactive-converter-mutiny-3.0.3.jar;C:\Users\stepa\.m2\repository\io\smallrye\reactive\mutiny-zero-flow-adapters\1.1.1\mutiny-zero-flow-adapters-1.1.1.jar;C:\Users\stepa\.m2\repository\org\jboss\narayana\jta\narayana-jta\7.2.2.Final\narayana-jta-7.2.2.Final.jar;C:\Users\stepa\.m2\repository\jakarta\resource\jakarta.resource-api\2.1.0\jakarta.resource-api-2.1.0.jar;C:\Users\stepa\.m2\repository\org\jboss\invocation\jboss-invocation\2.0.0.Final\jboss-invocation-2.0.0.Final.jar;C:\Users\stepa\.m2\repository\org\eclipse\microprofile\reactive-streams-operators\microprofile-reactive-streams-operators-api\3.0.1\microprofile-reactive-streams-operators-api-3.0.1.jar;C:\Users\stepa\.m2\repository\org\jboss\narayana\jts\narayana-jts-integration\7.2.2.Final\narayana-jts-integration-7.2.2.Final.jar;C:\Users\stepa\.m2\repository\io\quarkus\quarkus-arc\3.24.4\quarkus-arc-3.24.4.jar;C:\Users\stepa\.m2\repository\io\quarkus\arc\arc\3.24.4\arc-3.24.4.jar;C:\Users\stepa\.m2\repository\io\smallrye\reactive\mutiny\2.9.2\mutiny-2.9.2.jar;C:\Users\stepa\.m2\repository\org\jctools\jctools-core\4.0.5\jctools-core-4.0.5.jar;C:\Users\stepa\.m2\repository\org\eclipse\microprofile\context-propagation\microprofile-context-propagation-api\1.3\microprofile-context-propagation-api-1.3.jar;C:\Users\stepa\.m2\repository\io\quarkus\quarkus-junit5\3.24.4\quarkus-junit5-3.24.4.jar;C:\Users\stepa\.m2\repository\io\quarkus\quarkus-bootstrap-core\3.24.4\quarkus-bootstrap-core-3.24.4.jar;C:\Users\stepa\.m2\repository\io\quarkus\quarkus-classloader-commons\3.24.4\quarkus-classloader-commons-3.24.4.jar;C:\Users\stepa\.m2\repository\io\quarkus\quarkus-bootstrap-app-model\3.24.4\quarkus-bootstrap-app-model-3.24.4.jar;C:\Users\stepa\.m2\repository\io\smallrye\common\smallrye-common-io\2.12.2\smallrye-common-io-2.12.2.jar;C:\Users\stepa\.m2\repository\org\eclipse\sisu\org.eclipse.sisu.inject\0.9.0.M4\org.eclipse.sisu.inject-0.9.0.M4.jar;C:\Users\stepa\.m2\repository\org\ow2\asm\asm\9.8\asm-9.8.jar;C:\Users\stepa\.m2\repository\io\quarkus\quarkus-test-common\3.24.4\quarkus-test-common-3.24.4.jar;C:\Users\stepa\.m2\repository\io\quarkus\quarkus-core-deployment\3.24.4\quarkus-core-deployment-3.24.4.jar;C:\Users\stepa\.m2\repository\org\aesh\readline\2.6\readline-2.6.jar;C:\Users\stepa\.m2\repository\org\fusesource\jansi\jansi\2.4.0\jansi-2.4.0.jar;C:\Users\stepa\.m2\repository\org\aesh\aesh\2.8.2\aesh-2.8.2.jar;C:\Users\stepa\.m2\repository\io\quarkus\gizmo\gizmo\1.9.0\gizmo-1.9.0.jar;C:\Users\stepa\.m2\repository\org\ow2\asm\asm-util\9.8\asm-util-9.8.jar;C:\Users\stepa\.m2\repository\org\ow2\asm\asm-analysis\9.8\asm-analysis-9.8.jar;C:\Users\stepa\.m2\repository\org\ow2\asm\asm-commons\9.8\asm-commons-9.8.jar;C:\Users\stepa\.m2\repository\org\ow2\asm\asm-tree\9.8\asm-tree-9.8.jar;C:\Users\stepa\.m2\repository\io\quarkus\quarkus-hibernate-validator-spi\3.24.4\quarkus-hibernate-validator-spi-3.24.4.jar;C:\Users\stepa\.m2\repository\io\quarkus\quarkus-class-change-agent\3.24.4\quarkus-class-change-agent-3.24.4.jar;C:\Users\stepa\.m2\repository\io\quarkus\quarkus-devtools-utilities\3.24.4\quarkus-devtools-utilities-3.24.4.jar;C:\Users\stepa\.m2\repository\io\quarkus\quarkus-builder\3.24.4\quarkus-builder-3.24.4.jar;C:\Users\stepa\.m2\repository\org\graalvm\sdk\nativeimage\23.1.2\nativeimage-23.1.2.jar;C:\Users\stepa\.m2\repository\org\graalvm\sdk\word\23.1.2\word-23.1.2.jar;C:\Users\stepa\.m2\repository\org\junit\platform\junit-platform-launcher\1.13.2\junit-platform-launcher-1.13.2.jar;C:\Users\stepa\.m2\repository\io\quarkus\quarkus-bootstrap-maven-resolver\3.24.4\quarkus-bootstrap-maven-resolver-3.24.4.jar;C:\Users\stepa\.m2\repository\io\smallrye\beanbag\smallrye-beanbag-maven\1.5.3\smallrye-beanbag-maven-1.5.3.jar;C:\Users\stepa\.m2\repository\io\smallrye\beanbag\smallrye-beanbag-sisu\1.5.3\smallrye-beanbag-sisu-1.5.3.jar;C:\Users\stepa\.m2\repository\io\smallrye\beanbag\smallrye-beanbag\1.5.3\smallrye-beanbag-1.5.3.jar;C:\Users\stepa\.m2\repository\javax\inject\javax.inject\1\javax.inject-1.jar;C:\Users\stepa\.m2\repository\org\apache\maven\maven-artifact\3.9.9\maven-artifact-3.9.9.jar;C:\Users\stepa\.m2\repository\org\apache\maven\maven-builder-support\3.9.9\maven-builder-support-3.9.9.jar;C:\Users\stepa\.m2\repository\org\apache\maven\maven-model\3.9.9\maven-model-3.9.9.jar;C:\Users\stepa\.m2\repository\org\apache\maven\maven-model-builder\3.9.9\maven-model-builder-3.9.9.jar;C:\Users\stepa\.m2\repository\org\apache\maven\maven-repository-metadata\3.9.9\maven-repository-metadata-3.9.9.jar;C:\Users\stepa\.m2\repository\org\apache\maven\maven-settings\3.9.9\maven-settings-3.9.9.jar;C:\Users\stepa\.m2\repository\org\apache\maven\resolver\maven-resolver-api\1.9.22\maven-resolver-api-1.9.22.jar;C:\Users\stepa\.m2\repository\org\apache\maven\resolver\maven-resolver-impl\1.9.22\maven-resolver-impl-1.9.22.jar;C:\Users\stepa\.m2\repository\org\apache\maven\resolver\maven-resolver-named-locks\1.9.22\maven-resolver-named-locks-1.9.22.jar;C:\Users\stepa\.m2\repository\org\apache\maven\resolver\maven-resolver-spi\1.9.22\maven-resolver-spi-1.9.22.jar;C:\Users\stepa\.m2\repository\org\apache\maven\resolver\maven-resolver-util\1.9.22\maven-resolver-util-1.9.22.jar;C:\Users\stepa\.m2\repository\org\apache\maven\resolver\maven-resolver-transport-http\1.9.23\maven-resolver-transport-http-1.9.23.jar;C:\Users\stepa\.m2\repository\org\apache\maven\wagon\wagon-provider-api\3.5.3\wagon-provider-api-3.5.3.jar;C:\Users\stepa\.m2\repository\org\apache\maven\wagon\wagon-http-shared\3.5.3\wagon-http-shared-3.5.3.jar;C:\Users\stepa\.m2\repository\org\codehaus\plexus\plexus-interpolation\1.26\plexus-interpolation-1.26.jar;C:\Users\stepa\.m2\repository\org\codehaus\plexus\plexus-utils\3.5.1\plexus-utils-3.5.1.jar;C:\Users\stepa\.m2\repository\org\codehaus\plexus\plexus-xml\4.0.2\plexus-xml-4.0.2.jar;C:\Users\stepa\.m2\repository\org\apache\maven\maven-xml-impl\4.0.0-alpha-7\maven-xml-impl-4.0.0-alpha-7.jar;C:\Users\stepa\.m2\repository\org\apache\maven\maven-api-xml\4.0.0-alpha-7\maven-api-xml-4.0.0-alpha-7.jar;C:\Users\stepa\.m2\repository\org\apache\maven\maven-api-meta\4.0.0-alpha-7\maven-api-meta-4.0.0-alpha-7.jar;C:\Users\stepa\.m2\repository\org\codehaus\plexus\plexus-cipher\2.0\plexus-cipher-2.0.jar;C:\Users\stepa\.m2\repository\org\codehaus\plexus\plexus-sec-dispatcher\2.0\plexus-sec-dispatcher-2.0.jar;C:\Users\stepa\.m2\repository\org\apache\maven\maven-embedder\3.9.9\maven-embedder-3.9.9.jar;C:\Users\stepa\.m2\repository\org\apache\maven\maven-core\3.9.9\maven-core-3.9.9.jar;C:\Users\stepa\.m2\repository\org\codehaus\plexus\plexus-component-annotations\2.1.0\plexus-component-annotations-2.1.0.jar;C:\Users\stepa\.m2\repository\org\apache\maven\maven-plugin-api\3.9.9\maven-plugin-api-3.9.9.jar;C:\Users\stepa\.m2\repository\org\apache\maven\shared\maven-shared-utils\3.4.2\maven-shared-utils-3.4.2.jar;C:\Users\stepa\.m2\repository\com\google\inject\guice\5.1.0\guice-5.1.0.jar;C:\Users\stepa\.m2\repository\aopalliance\aopalliance\1.0\aopalliance-1.0.jar;C:\Users\stepa\.m2\repository\com\google\guava\guava\33.4.8-jre\guava-33.4.8-jre.jar;C:\Users\stepa\.m2\repository\com\google\guava\failureaccess\1.0.1\failureaccess-1.0.1.jar;C:\Users\stepa\.m2\repository\javax\annotation\javax.annotation-api\1.3.2\javax.annotation-api-1.3.2.jar;C:\Users\stepa\.m2\repository\org\codehaus\plexus\plexus-classworlds\2.6.0\plexus-classworlds-2.6.0.jar;C:\Users\stepa\.m2\repository\commons-cli\commons-cli\1.8.0\commons-cli-1.8.0.jar;C:\Users\stepa\.m2\repository\org\eclipse\sisu\org.eclipse.sisu.plexus\0.9.0.M4\org.eclipse.sisu.plexus-0.9.0.M4.jar;C:\Users\stepa\.m2\repository\org\apache\maven\maven-settings-builder\3.9.9\maven-settings-builder-3.9.9.jar;C:\Users\stepa\.m2\repository\org\apache\maven\maven-resolver-provider\3.9.9\maven-resolver-provider-3.9.9.jar;C:\Users\stepa\.m2\repository\org\apache\maven\resolver\maven-resolver-connector-basic\1.9.22\maven-resolver-connector-basic-1.9.22.jar;C:\Users\stepa\.m2\repository\org\apache\maven\resolver\maven-resolver-transport-wagon\1.9.22\maven-resolver-transport-wagon-1.9.22.jar;C:\Users\stepa\.m2\repository\org\apache\maven\wagon\wagon-http\3.5.3\wagon-http-3.5.3.jar;C:\Users\stepa\.m2\repository\org\apache\maven\wagon\wagon-file\3.5.3\wagon-file-3.5.3.jar;C:\Users\stepa\.m2\repository\io\quarkus\quarkus-bootstrap-gradle-resolver\3.24.4\quarkus-bootstrap-gradle-resolver-3.24.4.jar;C:\Users\stepa\.m2\repository\io\smallrye\jandex\3.3.2\jandex-3.3.2.jar;C:\Users\stepa\.m2\repository\org\jboss\logging\commons-logging-jboss-logging\1.0.0.Final\commons-logging-jboss-logging-1.0.0.Final.jar;C:\Users\stepa\.m2\repository\io\quarkus\quarkus-junit5-config\3.24.4\quarkus-junit5-config-3.24.4.jar;C:\Users\stepa\.m2\repository\org\junit\jupiter\junit-jupiter-api\5.13.2\junit-jupiter-api-5.13.2.jar;C:\Users\stepa\.m2\repository\org\opentest4j\opentest4j\1.3.0\opentest4j-1.3.0.jar;C:\Users\stepa\.m2\repository\org\junit\platform\junit-platform-commons\1.13.2\junit-platform-commons-1.13.2.jar;C:\Users\stepa\.m2\repository\org\apiguardian\apiguardian-api\1.1.2\apiguardian-api-1.1.2.jar;C:\Users\stepa\.m2\repository\org\junit\jupiter\junit-jupiter\5.13.2\junit-jupiter-5.13.2.jar;C:\Users\stepa\.m2\repository\org\junit\jupiter\junit-jupiter-params\5.13.2\junit-jupiter-params-5.13.2.jar;C:\Users\stepa\.m2\repository\org\junit\jupiter\junit-jupiter-engine\5.13.2\junit-jupiter-engine-5.13.2.jar;C:\Users\stepa\.m2\repository\org\junit\platform\junit-platform-engine\1.13.2\junit-platform-engine-1.13.2.jar;C:\Users\stepa\.m2\repository\io\quarkus\quarkus-jdbc-h2\3.24.4\quarkus-jdbc-h2-3.24.4.jar;C:\Users\stepa\.m2\repository\com\h2database\h2\2.3.230\h2-2.3.230.jar;C:\Users\stepa\.m2\repository\org\locationtech\jts\jts-core\1.19.0\jts-core-1.19.0.jar;C:\Users\stepa\.m2\repository\io\quarkus\quarkus-junit5-mockito\3.24.4\quarkus-junit5-mockito-3.24.4.jar;C:\Users\stepa\.m2\repository\org\mockito\mockito-junit-jupiter\5.18.0\mockito-junit-jupiter-5.18.0.jar;C:\Users\stepa\.m2\repository\io\quarkus\quarkus-junit5-mockito-config\3.24.4\quarkus-junit5-mockito-config-3.24.4.jar;C:\Users\stepa\.m2\repository\io\quarkus\quarkus-arc-deployment\3.24.4\quarkus-arc-deployment-3.24.4.jar;C:\Users\stepa\.m2\repository\io\quarkus\quarkus-smallrye-context-propagation-spi\3.24.4\quarkus-smallrye-context-propagation-spi-3.24.4.jar;C:\Users\stepa\.m2\repository\io\quarkus\quarkus-vertx-http-dev-ui-spi\3.24.4\quarkus-vertx-http-dev-ui-spi-3.24.4.jar;C:\Users\stepa\.m2\repository\io\quarkus\quarkus-arc-dev\3.24.4\quarkus-arc-dev-3.24.4.jar;C:\Users\stepa\.m2\repository\io\quarkus\arc\arc-processor\3.24.4\arc-processor-3.24.4.jar;C:\Users\stepa\.m2\repository\org\mockito\mockito-core\5.18.0\mockito-core-5.18.0.jar;C:\Users\stepa\.m2\repository\net\bytebuddy\byte-buddy\1.17.5\byte-buddy-1.17.5.jar;C:\Users\stepa\.m2\repository\net\bytebuddy\byte-buddy-agent\1.17.5\byte-buddy-agent-1.17.5.jar;C:\Users\stepa\.m2\repository\org\objenesis\objenesis\3.3\objenesis-3.3.jar;C:\Users\stepa\.m2\repository\io\quarkus\quarkus-mutiny\3.24.4\quarkus-mutiny-3.24.4.jar;C:\Users\stepa\.m2\repository\io\quarkus\quarkus-smallrye-context-propagation\3.24.4\quarkus-smallrye-context-propagation-3.24.4.jar;C:\Users\stepa\.m2\repository\io\smallrye\smallrye-context-propagation\2.2.1\smallrye-context-propagation-2.2.1.jar;C:\Users\stepa\.m2\repository\io\smallrye\smallrye-context-propagation-api\2.2.1\smallrye-context-propagation-api-2.2.1.jar;C:\Users\stepa\.m2\repository\io\smallrye\smallrye-context-propagation-storage\2.2.1\smallrye-context-propagation-storage-2.2.1.jar;C:\Users\stepa\.m2\repository\io\smallrye\reactive\mutiny-smallrye-context-propagation\2.9.2\mutiny-smallrye-context-propagation-2.9.2.jar;C:\Users\stepa\.m2\repository\io\rest-assured\rest-assured\5.5.5\rest-assured-5.5.5.jar;C:\Users\stepa\.m2\repository\org\apache\groovy\groovy\4.0.22\groovy-4.0.22.jar;C:\Users\stepa\.m2\repository\org\apache\groovy\groovy-xml\4.0.22\groovy-xml-4.0.22.jar;C:\Users\stepa\.m2\repository\org\apache\httpcomponents\httpclient\4.5.14\httpclient-4.5.14.jar;C:\Users\stepa\.m2\repository\org\apache\httpcomponents\httpcore\4.4.16\httpcore-4.4.16.jar;C:\Users\stepa\.m2\repository\commons-codec\commons-codec\1.18.0\commons-codec-1.18.0.jar;C:\Users\stepa\.m2\repository\org\apache\httpcomponents\httpmime\4.5.14\httpmime-4.5.14.jar;C:\Users\stepa\.m2\repository\org\hamcrest\hamcrest\2.2\hamcrest-2.2.jar;C:\Users\stepa\.m2\repository\org\ccil\cowan\tagsoup\tagsoup\1.2.1\tagsoup-1.2.1.jar;C:\Users\stepa\.m2\repository\io\rest-assured\json-path\5.5.5\json-path-5.5.5.jar;C:\Users\stepa\.m2\repository\org\apache\groovy\groovy-json\4.0.22\groovy-json-4.0.22.jar;C:\Users\stepa\.m2\repository\io\rest-assured\rest-assured-common\5.5.5\rest-assured-common-5.5.5.jar;C:\Users\stepa\.m2\repository\io\rest-assured\xml-path\5.5.5\xml-path-5.5.5.jar;C:\Users\stepa\.m2\repository\io\quarkus\quarkus-hibernate-validator\3.24.4\quarkus-hibernate-validator-3.24.4.jar;C:\Users\stepa\.m2\repository\org\hibernate\validator\hibernate-validator\9.0.1.Final\hibernate-validator-9.0.1.Final.jar;C:\Users\stepa\.m2\repository\jakarta\validation\jakarta.validation-api\3.1.0\jakarta.validation-api-3.1.0.jar;C:\Users\stepa\.m2\repository\com\fasterxml\classmate\1.7.0\classmate-1.7.0.jar;C:\Users\stepa\.m2\repository\org\glassfish\expressly\expressly\6.0.0\expressly-6.0.0.jar;C:\Users\stepa\.m2\repository\jakarta\el\jakarta.el-api\6.0.1\jakarta.el-api-6.0.1.jar;C:\Users\stepa\.m2\repository\io\smallrye\config\smallrye-config-validator\3.13.2\smallrye-config-validator-3.13.2.jar;C:\Users\stepa\.m2\repository\jakarta\ws\rs\jakarta.ws.rs-api\3.1.0\jakarta.ws.rs-api-3.1.0.jar;C:\Users\stepa\.m2\repository\io\quarkus\quarkus-hibernate-orm-panache\3.24.4\quarkus-hibernate-orm-panache-3.24.4.jar;C:\Users\stepa\.m2\repository\io\quarkus\quarkus-hibernate-orm\3.24.4\quarkus-hibernate-orm-3.24.4.jar;C:\Users\stepa\.m2\repository\org\hibernate\orm\hibernate-core\7.0.6.Final\hibernate-core-7.0.6.Final.jar;C:\Users\stepa\.m2\repository\org\hibernate\models\hibernate-models\1.0.0\hibernate-models-1.0.0.jar;C:\Users\stepa\.m2\repository\org\antlr\antlr4-runtime\4.13.2\antlr4-runtime-4.13.2.jar;C:\Users\stepa\.m2\repository\org\hibernate\orm\hibernate-graalvm\7.0.6.Final\hibernate-graalvm-7.0.6.Final.jar;C:\Users\stepa\.m2\repository\jakarta\persistence\jakarta.persistence-api\3.2.0\jakarta.persistence-api-3.2.0.jar;C:\Users\stepa\.m2\repository\org\hibernate\quarkus-local-cache\0.3.1\quarkus-local-cache-0.3.1.jar;C:\Users\stepa\.m2\repository\io\quarkus\quarkus-caffeine\3.24.4\quarkus-caffeine-3.24.4.jar;C:\Users\stepa\.m2\repository\com\github\ben-manes\caffeine\caffeine\3.2.0\caffeine-3.2.0.jar;C:\Users\stepa\.m2\repository\org\jspecify\jspecify\1.0.0\jspecify-1.0.0.jar;C:\Users\stepa\.m2\repository\com\google\errorprone\error_prone_annotations\2.38.0\error_prone_annotations-2.38.0.jar;C:\Users\stepa\.m2\repository\io\quarkus\quarkus-hibernate-orm-panache-common\3.24.4\quarkus-hibernate-orm-panache-common-3.24.4.jar;C:\Users\stepa\.m2\repository\io\quarkus\quarkus-panache-hibernate-common\3.24.4\quarkus-panache-hibernate-common-3.24.4.jar;C:\Users\stepa\.m2\repository\io\quarkus\quarkus-panache-common\3.24.4\quarkus-panache-common-3.24.4.jar;C:\Users\stepa\.m2\repository\io\quarkus\quarkus-resteasy\3.24.4\quarkus-resteasy-3.24.4.jar;C:\Users\stepa\.m2\repository\io\quarkus\quarkus-vertx-http\3.24.4\quarkus-vertx-http-3.24.4.jar;C:\Users\stepa\.m2\repository\io\quarkus\quarkus-security-runtime-spi\3.24.4\quarkus-security-runtime-spi-3.24.4.jar;C:\Users\stepa\.m2\repository\io\quarkus\quarkus-tls-registry\3.24.4\quarkus-tls-registry-3.24.4.jar;C:\Users\stepa\.m2\repository\io\quarkus\quarkus-tls-registry-spi\3.24.4\quarkus-tls-registry-spi-3.24.4.jar;C:\Users\stepa\.m2\repository\io\smallrye\certs\smallrye-private-key-pem-parser\0.9.2\smallrye-private-key-pem-parser-0.9.2.jar;C:\Users\stepa\.m2\repository\io\smallrye\common\smallrye-common-vertx-context\2.12.2\smallrye-common-vertx-context-2.12.2.jar;C:\Users\stepa\.m2\repository\io\vertx\vertx-core\4.5.16\vertx-core-4.5.16.jar;C:\Users\stepa\.m2\repository\io\netty\netty-common\4.1.121.Final\netty-common-4.1.121.Final.jar;C:\Users\stepa\.m2\repository\io\netty\netty-buffer\4.1.121.Final\netty-buffer-4.1.121.Final.jar;C:\Users\stepa\.m2\repository\io\netty\netty-transport\4.1.121.Final\netty-transport-4.1.121.Final.jar;C:\Users\stepa\.m2\repository\io\netty\netty-handler\4.1.121.Final\netty-handler-4.1.121.Final.jar;C:\Users\stepa\.m2\repository\io\netty\netty-transport-native-unix-common\4.1.121.Final\netty-transport-native-unix-common-4.1.121.Final.jar;C:\Users\stepa\.m2\repository\io\netty\netty-handler-proxy\4.1.121.Final\netty-handler-proxy-4.1.121.Final.jar;C:\Users\stepa\.m2\repository\io\netty\netty-codec-socks\4.1.121.Final\netty-codec-socks-4.1.121.Final.jar;C:\Users\stepa\.m2\repository\io\netty\netty-codec-http\4.1.121.Final\netty-codec-http-4.1.121.Final.jar;C:\Users\stepa\.m2\repository\io\netty\netty-codec-http2\4.1.121.Final\netty-codec-http2-4.1.121.Final.jar;C:\Users\stepa\.m2\repository\io\netty\netty-resolver\4.1.121.Final\netty-resolver-4.1.121.Final.jar;C:\Users\stepa\.m2\repository\io\netty\netty-resolver-dns\4.1.121.Final\netty-resolver-dns-4.1.121.Final.jar;C:\Users\stepa\.m2\repository\io\netty\netty-codec-dns\4.1.121.Final\netty-codec-dns-4.1.121.Final.jar;C:\Users\stepa\.m2\repository\io\quarkus\security\quarkus-security\2.2.1\quarkus-security-2.2.1.jar;C:\Users\stepa\.m2\repository\io\quarkus\quarkus-vertx\3.24.4\quarkus-vertx-3.24.4.jar;C:\Users\stepa\.m2\repository\io\quarkus\quarkus-netty\3.24.4\quarkus-netty-3.24.4.jar;C:\Users\stepa\.m2\repository\io\netty\netty-codec\4.1.121.Final\netty-codec-4.1.121.Final.jar;C:\Users\stepa\.m2\repository\io\netty\netty-codec-haproxy\4.1.121.Final\netty-codec-haproxy-4.1.121.Final.jar;C:\Users\stepa\.m2\repository\io\quarkus\quarkus-virtual-threads\3.24.4\quarkus-virtual-threads-3.24.4.jar;C:\Users\stepa\.m2\repository\io\quarkus\quarkus-vertx-latebound-mdc-provider\3.24.4\quarkus-vertx-latebound-mdc-provider-3.24.4.jar;C:\Users\stepa\.m2\repository\io\smallrye\reactive\smallrye-mutiny-vertx-core\3.19.1\smallrye-mutiny-vertx-core-3.19.1.jar;C:\Users\stepa\.m2\repository\io\smallrye\reactive\smallrye-mutiny-vertx-runtime\3.19.1\smallrye-mutiny-vertx-runtime-3.19.1.jar;C:\Users\stepa\.m2\repository\io\smallrye\reactive\vertx-mutiny-generator\3.19.1\vertx-mutiny-generator-3.19.1.jar;C:\Users\stepa\.m2\repository\io\vertx\vertx-codegen\4.5.16\vertx-codegen-4.5.16.jar;C:\Users\stepa\.m2\repository\io\smallrye\smallrye-fault-tolerance-vertx\6.9.1\smallrye-fault-tolerance-vertx-6.9.1.jar;C:\Users\stepa\.m2\repository\io\smallrye\reactive\smallrye-mutiny-vertx-web\3.19.1\smallrye-mutiny-vertx-web-3.19.1.jar;C:\Users\stepa\.m2\repository\io\smallrye\reactive\smallrye-mutiny-vertx-web-common\3.19.1\smallrye-mutiny-vertx-web-common-3.19.1.jar;C:\Users\stepa\.m2\repository\io\smallrye\reactive\smallrye-mutiny-vertx-auth-common\3.19.1\smallrye-mutiny-vertx-auth-common-3.19.1.jar;C:\Users\stepa\.m2\repository\io\smallrye\reactive\smallrye-mutiny-vertx-bridge-common\3.19.1\smallrye-mutiny-vertx-bridge-common-3.19.1.jar;C:\Users\stepa\.m2\repository\io\smallrye\reactive\smallrye-mutiny-vertx-uri-template\3.19.1\smallrye-mutiny-vertx-uri-template-3.19.1.jar;C:\Users\stepa\.m2\repository\io\vertx\vertx-uri-template\4.5.16\vertx-uri-template-4.5.16.jar;C:\Users\stepa\.m2\repository\io\vertx\vertx-web\4.5.16\vertx-web-4.5.16.jar;C:\Users\stepa\.m2\repository\io\vertx\vertx-web-common\4.5.16\vertx-web-common-4.5.16.jar;C:\Users\stepa\.m2\repository\io\vertx\vertx-auth-common\4.5.16\vertx-auth-common-4.5.16.jar;C:\Users\stepa\.m2\repository\io\vertx\vertx-bridge-common\4.5.16\vertx-bridge-common-4.5.16.jar;C:\Users\stepa\.m2\repository\io\github\crac\org-crac\0.1.3\org-crac-0.1.3.jar;C:\Users\stepa\.m2\repository\com\aayushatharva\brotli4j\brotli4j\1.16.0\brotli4j-1.16.0.jar;C:\Users\stepa\.m2\repository\com\aayushatharva\brotli4j\service\1.16.0\service-1.16.0.jar;C:\Users\stepa\.m2\repository\com\aayushatharva\brotli4j\native-windows-x86_64\1.16.0\native-windows-x86_64-1.16.0.jar;C:\Users\stepa\.m2\repository\io\quarkus\vertx\utils\quarkus-vertx-utils\3.24.4\quarkus-vertx-utils-3.24.4.jar;C:\Users\stepa\.m2\repository\io\quarkus\quarkus-resteasy-server-common\3.24.4\quarkus-resteasy-server-common-3.24.4.jar;C:\Users\stepa\.m2\repository\io\quarkus\quarkus-resteasy-common\3.24.4\quarkus-resteasy-common-3.24.4.jar;C:\Users\stepa\.m2\repository\org\eclipse\angus\angus-activation\2.0.2\angus-activation-2.0.2.jar;C:\Users\stepa\.m2\repository\org\jboss\resteasy\microprofile\microprofile-config\3.0.1.Final\microprofile-config-3.0.1.Final.jar;C:\Users\stepa\.m2\repository\jakarta\servlet\jakarta.servlet-api\6.0.0\jakarta.servlet-api-6.0.0.jar;C:\Users\stepa\.m2\repository\org\jboss\resteasy\resteasy-cdi\6.2.12.Final\resteasy-cdi-6.2.12.Final.jar;C:\Users\stepa\.m2\repository\io\quarkus\quarkus-resteasy-jackson\3.24.4\quarkus-resteasy-jackson-3.24.4.jar;C:\Users\stepa\.m2\repository\io\quarkus\quarkus-jackson\3.24.4\quarkus-jackson-3.24.4.jar;C:\Users\stepa\.m2\repository\com\fasterxml\jackson\core\jackson-databind\2.19.1\jackson-databind-2.19.1.jar;C:\Users\stepa\.m2\repository\com\fasterxml\jackson\datatype\jackson-datatype-jsr310\2.19.1\jackson-datatype-jsr310-2.19.1.jar;C:\Users\stepa\.m2\repository\com\fasterxml\jackson\datatype\jackson-datatype-jdk8\2.19.1\jackson-datatype-jdk8-2.19.1.jar;C:\Users\stepa\.m2\repository\com\fasterxml\jackson\module\jackson-module-parameter-names\2.19.1\jackson-module-parameter-names-2.19.1.jar;C:\Users\stepa\.m2\repository\org\jboss\resteasy\resteasy-jackson2-provider\6.2.12.Final\resteasy-jackson2-provider-6.2.12.Final.jar;C:\Users\stepa\.m2\repository\org\jboss\resteasy\resteasy-core-spi\6.2.12.Final\resteasy-core-spi-6.2.12.Final.jar;C:\Users\stepa\.m2\repository\org\jboss\resteasy\resteasy-core\6.2.12.Final\resteasy-core-6.2.12.Final.jar;C:\Users\stepa\.m2\repository\com\ibm\async\asyncutil\0.1.0\asyncutil-0.1.0.jar;C:\Users\stepa\.m2\repository\com\fasterxml\jackson\core\jackson-core\2.19.1\jackson-core-2.19.1.jar;C:\Users\stepa\.m2\repository\com\fasterxml\jackson\core\jackson-annotations\2.19.1\jackson-annotations-2.19.1.jar;C:\Users\stepa\.m2\repository\com\fasterxml\jackson\jakarta\rs\jackson-jakarta-rs-base\2.19.1\jackson-jakarta-rs-base-2.19.1.jar;C:\Users\stepa\.m2\repository\com\fasterxml\jackson\jakarta\rs\jackson-jakarta-rs-json-provider\2.19.1\jackson-jakarta-rs-json-provider-2.19.1.jar;C:\Users\stepa\.m2\repository\com\fasterxml\jackson\module\jackson-module-jakarta-xmlbind-annotations\2.19.1\jackson-module-jakarta-xmlbind-annotations-2.19.1.jar;C:\Users\stepa\.m2\repository\com\github\java-json-tools\json-patch\1.13\json-patch-1.13.jar;C:\Users\stepa\.m2\repository\com\github\java-json-tools\msg-simple\1.2\msg-simple-1.2.jar;C:\Users\stepa\.m2\repository\com\github\java-json-tools\btf\1.3\btf-1.3.jar;C:\Users\stepa\.m2\repository\com\github\java-json-tools\jackson-coreutils\2.0\jackson-coreutils-2.0.jar;C:\Users\stepa\.m2\repository\jakarta\xml\bind\jakarta.xml.bind-api\4.0.2\jakarta.xml.bind-api-4.0.2.jar;C:\Users\stepa\.m2\repository\jakarta\activation\jakarta.activation-api\2.1.3\jakarta.activation-api-2.1.3.jar;C:\Users\stepa\.m2\repository\org\eclipse\yasson\3.0.4\yasson-3.0.4.jar;C:\Users\stepa\.m2\repository\jakarta\json\jakarta.json-api\2.1.3\jakarta.json-api-2.1.3.jar;C:\Users\stepa\.m2\repository\org\eclipse\parsson\parsson\1.1.7\parsson-1.1.7.jar;C:\Users\stepa\.m2\repository\jakarta\json\bind\jakarta.json.bind-api\3.0.1\jakarta.json.bind-api-3.0.1.jar;C:\Users\stepa\.m2\repository\io\quarkus\quarkus-smallrye-openapi\3.24.4\quarkus-smallrye-openapi-3.24.4.jar;C:\Users\stepa\.m2\repository\io\smallrye\smallrye-open-api-core\4.0.11\smallrye-open-api-core-4.0.11.jar;C:\Users\stepa\.m2\repository\org\eclipse\microprofile\openapi\microprofile-openapi-api\4.0.2\microprofile-openapi-api-4.0.2.jar;C:\Users\stepa\.m2\repository\io\smallrye\smallrye-open-api-model\4.0.11\smallrye-open-api-model-4.0.11.jar;C:\Users\stepa\.m2\repository\com\fasterxml\jackson\dataformat\jackson-dataformat-yaml\2.19.1\jackson-dataformat-yaml-2.19.1.jar;C:\Users\stepa\.m2\repository\io\smallrye\common\smallrye-common-classloader\2.12.2\smallrye-common-classloader-2.12.2.jar;C:\Users\stepa\.m2\repository\io\quarkus\quarkus-swagger-ui\3.24.4\quarkus-swagger-ui-3.24.4.jar;C:\Users\stepa\.m2\repository\io\quarkus\quarkus-kubernetes\3.24.4\quarkus-kubernetes-3.24.4.jar;C:\Users\stepa\.m2\repository\io\quarkus\quarkus-kubernetes-client-internal\3.24.4\quarkus-kubernetes-client-internal-3.24.4.jar;C:\Users\stepa\.m2\repository\io\quarkus\quarkus-container-image\3.24.4\quarkus-container-image-3.24.4.jar;C:\Users\stepa\.m2\repository\io\quarkus\quarkus-container-image-jib\3.24.4\quarkus-container-image-jib-3.24.4.jar;C:\Users\stepa\.m2\repository\io\quarkus\quarkus-config-yaml\3.24.4\quarkus-config-yaml-3.24.4.jar;C:\Users\stepa\.m2\repository\io\smallrye\config\smallrye-config-source-yaml\3.13.2\smallrye-config-source-yaml-3.13.2.jar;C:\Users\stepa\.m2\repository\io\smallrye\config\smallrye-config-common\3.13.2\smallrye-config-common-3.13.2.jar;C:\Users\stepa\.m2\repository\io\smallrye\common\smallrye-common-constraint\2.12.2\smallrye-common-constraint-2.12.2.jar;C:\Users\stepa\.m2\repository\org\eclipse\microprofile\config\microprofile-config-api\3.1\microprofile-config-api-3.1.jar;"/>
    <property name="java.vm.vendor" value="Oracle Corporation"/>
    <property name="sun.arch.data.model" value="64"/>
    <property name="user.variant" value=""/>
    <property name="java.vendor.url" value="https://java.oracle.com/"/>
    <property name="user.timezone" value="Europe/Moscow"/>
    <property name="logging.initial-configurator.min-level" value="500"/>
    <property name="java.vm.specification.version" value="21"/>
    <property name="os.name" value="Windows 11"/>
    <property name="sun.java.launcher" value="SUN_STANDARD"/>
    <property name="user.country" value="RU"/>
    <property name="groovy.use.classvalue" value="false"/>
    <property name="quarkus.http.test-port" value="64076"/>
    <property name="sun.boot.library.path" value="C:\Program Files\Java\jdk-21\bin"/>
    <property name="sun.java.command" value="C:\Users\stepa\AppData\Local\Temp\surefire3380190241592750641\surefirebooter-20250728220005629_3.jar C:\Users\stepa\AppData\Local\Temp\surefire3380190241592750641 2025-07-28T22-00-05_541-jvmRun1 surefire-20250728220005629_1tmp surefire_0-20250728220005629_2tmp"/>
    <property name="jdk.debug" value="release"/>
    <property name="maven.home" value="C:\Users\stepa\.m2\wrapper\dists\apache-maven-3.9.9-bin\33b4b2b4\apache-maven-3.9.9"/>
    <property name="surefire.test.class.path" value="C:\MarketTest\storage-service\target\test-classes;C:\MarketTest\storage-service\target\classes;C:\Users\stepa\.m2\repository\io\quarkus\quarkus-jdbc-postgresql\3.24.4\quarkus-jdbc-postgresql-3.24.4.jar;C:\Users\stepa\.m2\repository\io\quarkus\quarkus-agroal\3.24.4\quarkus-agroal-3.24.4.jar;C:\Users\stepa\.m2\repository\io\quarkus\quarkus-datasource\3.24.4\quarkus-datasource-3.24.4.jar;C:\Users\stepa\.m2\repository\io\agroal\agroal-api\2.7.1\agroal-api-2.7.1.jar;C:\Users\stepa\.m2\repository\io\agroal\agroal-narayana\2.7.1\agroal-narayana-2.7.1.jar;C:\Users\stepa\.m2\repository\org\jboss\jboss-transaction-spi\8.0.0.Final\jboss-transaction-spi-8.0.0.Final.jar;C:\Users\stepa\.m2\repository\io\agroal\agroal-pool\2.7.1\agroal-pool-2.7.1.jar;C:\Users\stepa\.m2\repository\io\quarkus\quarkus-credentials\3.24.4\quarkus-credentials-3.24.4.jar;C:\Users\stepa\.m2\repository\org\postgresql\postgresql\42.7.7\postgresql-42.7.7.jar;C:\Users\stepa\.m2\repository\io\quarkus\quarkus-liquibase\3.24.4\quarkus-liquibase-3.24.4.jar;C:\Users\stepa\.m2\repository\io\quarkus\quarkus-core\3.24.4\quarkus-core-3.24.4.jar;C:\Users\stepa\.m2\repository\jakarta\annotation\jakarta.annotation-api\3.0.0\jakarta.annotation-api-3.0.0.jar;C:\Users\stepa\.m2\repository\jakarta\enterprise\jakarta.enterprise.cdi-api\4.1.0\jakarta.enterprise.cdi-api-4.1.0.jar;C:\Users\stepa\.m2\repository\jakarta\enterprise\jakarta.enterprise.lang-model\4.1.0\jakarta.enterprise.lang-model-4.1.0.jar;C:\Users\stepa\.m2\repository\jakarta\interceptor\jakarta.interceptor-api\2.2.0\jakarta.interceptor-api-2.2.0.jar;C:\Users\stepa\.m2\repository\jakarta\inject\jakarta.inject-api\2.0.1\jakarta.inject-api-2.0.1.jar;C:\Users\stepa\.m2\repository\io\smallrye\common\smallrye-common-os\2.12.2\smallrye-common-os-2.12.2.jar;C:\Users\stepa\.m2\repository\io\quarkus\quarkus-ide-launcher\3.24.4\quarkus-ide-launcher-3.24.4.jar;C:\Users\stepa\.m2\repository\io\quarkus\quarkus-development-mode-spi\3.24.4\quarkus-development-mode-spi-3.24.4.jar;C:\Users\stepa\.m2\repository\io\smallrye\config\smallrye-config\3.13.2\smallrye-config-3.13.2.jar;C:\Users\stepa\.m2\repository\io\smallrye\config\smallrye-config-core\3.13.2\smallrye-config-core-3.13.2.jar;C:\Users\stepa\.m2\repository\org\jboss\logging\jboss-logging\3.6.1.Final\jboss-logging-3.6.1.Final.jar;C:\Users\stepa\.m2\repository\org\jboss\logmanager\jboss-logmanager\3.1.2.Final\jboss-logmanager-3.1.2.Final.jar;C:\Users\stepa\.m2\repository\io\smallrye\common\smallrye-common-cpu\2.12.2\smallrye-common-cpu-2.12.2.jar;C:\Users\stepa\.m2\repository\io\smallrye\common\smallrye-common-expression\2.12.2\smallrye-common-expression-2.12.2.jar;C:\Users\stepa\.m2\repository\io\smallrye\common\smallrye-common-net\2.12.2\smallrye-common-net-2.12.2.jar;C:\Users\stepa\.m2\repository\io\smallrye\common\smallrye-common-ref\2.12.2\smallrye-common-ref-2.12.2.jar;C:\Users\stepa\.m2\repository\org\jboss\threads\jboss-threads\3.9.1\jboss-threads-3.9.1.jar;C:\Users\stepa\.m2\repository\io\smallrye\common\smallrye-common-annotation\2.12.2\smallrye-common-annotation-2.12.2.jar;C:\Users\stepa\.m2\repository\io\smallrye\common\smallrye-common-function\2.12.2\smallrye-common-function-2.12.2.jar;C:\Users\stepa\.m2\repository\org\slf4j\slf4j-api\2.0.6\slf4j-api-2.0.6.jar;C:\Users\stepa\.m2\repository\org\jboss\slf4j\slf4j-jboss-logmanager\2.0.0.Final\slf4j-jboss-logmanager-2.0.0.Final.jar;C:\Users\stepa\.m2\repository\org\wildfly\common\wildfly-common\2.0.1\wildfly-common-2.0.1.jar;C:\Users\stepa\.m2\repository\io\quarkus\quarkus-bootstrap-runner\3.24.4\quarkus-bootstrap-runner-3.24.4.jar;C:\Users\stepa\.m2\repository\io\quarkus\quarkus-fs-util\1.0.0\quarkus-fs-util-1.0.0.jar;C:\Users\stepa\.m2\repository\io\quarkus\quarkus-liquibase-common\3.24.4\quarkus-liquibase-common-3.24.4.jar;C:\Users\stepa\.m2\repository\org\liquibase\liquibase-core\4.29.1\liquibase-core-4.29.1.jar;C:\Users\stepa\.m2\repository\com\opencsv\opencsv\5.9\opencsv-5.9.jar;C:\Users\stepa\.m2\repository\commons-io\commons-io\2.19.0\commons-io-2.19.0.jar;C:\Users\stepa\.m2\repository\org\apache\commons\commons-collections4\4.4\commons-collections4-4.4.jar;C:\Users\stepa\.m2\repository\org\apache\commons\commons-text\1.13.1\commons-text-1.13.1.jar;C:\Users\stepa\.m2\repository\org\apache\commons\commons-lang3\3.17.0\commons-lang3-3.17.0.jar;C:\Users\stepa\.m2\repository\org\osgi\osgi.core\6.0.0\osgi.core-6.0.0.jar;C:\Users\stepa\.m2\repository\org\yaml\snakeyaml\2.4\snakeyaml-2.4.jar;C:\Users\stepa\.m2\repository\io\quarkus\quarkus-jaxb\3.24.4\quarkus-jaxb-3.24.4.jar;C:\Users\stepa\.m2\repository\io\quarkus\quarkus-jaxp\3.24.4\quarkus-jaxp-3.24.4.jar;C:\Users\stepa\.m2\repository\org\glassfish\jaxb\jaxb-runtime\4.0.5\jaxb-runtime-4.0.5.jar;C:\Users\stepa\.m2\repository\org\glassfish\jaxb\jaxb-core\4.0.5\jaxb-core-4.0.5.jar;C:\Users\stepa\.m2\repository\org\glassfish\jaxb\txw2\4.0.5\txw2-4.0.5.jar;C:\Users\stepa\.m2\repository\com\sun\istack\istack-commons-runtime\4.1.2\istack-commons-runtime-4.1.2.jar;C:\Users\stepa\.m2\repository\io\quarkus\quarkus-datasource-common\3.24.4\quarkus-datasource-common-3.24.4.jar;C:\Users\stepa\.m2\repository\io\quarkus\quarkus-narayana-jta\3.24.4\quarkus-narayana-jta-3.24.4.jar;C:\Users\stepa\.m2\repository\io\quarkus\quarkus-transaction-annotations\3.24.4\quarkus-transaction-annotations-3.24.4.jar;C:\Users\stepa\.m2\repository\io\smallrye\smallrye-context-propagation-jta\2.2.1\smallrye-context-propagation-jta-2.2.1.jar;C:\Users\stepa\.m2\repository\jakarta\transaction\jakarta.transaction-api\2.0.1\jakarta.transaction-api-2.0.1.jar;C:\Users\stepa\.m2\repository\io\smallrye\reactive\smallrye-reactive-converter-api\3.0.3\smallrye-reactive-converter-api-3.0.3.jar;C:\Users\stepa\.m2\repository\org\reactivestreams\reactive-streams\1.0.4\reactive-streams-1.0.4.jar;C:\Users\stepa\.m2\repository\io\smallrye\reactive\smallrye-reactive-converter-mutiny\3.0.3\smallrye-reactive-converter-mutiny-3.0.3.jar;C:\Users\stepa\.m2\repository\io\smallrye\reactive\mutiny-zero-flow-adapters\1.1.1\mutiny-zero-flow-adapters-1.1.1.jar;C:\Users\stepa\.m2\repository\org\jboss\narayana\jta\narayana-jta\7.2.2.Final\narayana-jta-7.2.2.Final.jar;C:\Users\stepa\.m2\repository\jakarta\resource\jakarta.resource-api\2.1.0\jakarta.resource-api-2.1.0.jar;C:\Users\stepa\.m2\repository\org\jboss\invocation\jboss-invocation\2.0.0.Final\jboss-invocation-2.0.0.Final.jar;C:\Users\stepa\.m2\repository\org\eclipse\microprofile\reactive-streams-operators\microprofile-reactive-streams-operators-api\3.0.1\microprofile-reactive-streams-operators-api-3.0.1.jar;C:\Users\stepa\.m2\repository\org\jboss\narayana\jts\narayana-jts-integration\7.2.2.Final\narayana-jts-integration-7.2.2.Final.jar;C:\Users\stepa\.m2\repository\io\quarkus\quarkus-arc\3.24.4\quarkus-arc-3.24.4.jar;C:\Users\stepa\.m2\repository\io\quarkus\arc\arc\3.24.4\arc-3.24.4.jar;C:\Users\stepa\.m2\repository\io\smallrye\reactive\mutiny\2.9.2\mutiny-2.9.2.jar;C:\Users\stepa\.m2\repository\org\jctools\jctools-core\4.0.5\jctools-core-4.0.5.jar;C:\Users\stepa\.m2\repository\org\eclipse\microprofile\context-propagation\microprofile-context-propagation-api\1.3\microprofile-context-propagation-api-1.3.jar;C:\Users\stepa\.m2\repository\io\quarkus\quarkus-junit5\3.24.4\quarkus-junit5-3.24.4.jar;C:\Users\stepa\.m2\repository\io\quarkus\quarkus-bootstrap-core\3.24.4\quarkus-bootstrap-core-3.24.4.jar;C:\Users\stepa\.m2\repository\io\quarkus\quarkus-classloader-commons\3.24.4\quarkus-classloader-commons-3.24.4.jar;C:\Users\stepa\.m2\repository\io\quarkus\quarkus-bootstrap-app-model\3.24.4\quarkus-bootstrap-app-model-3.24.4.jar;C:\Users\stepa\.m2\repository\io\smallrye\common\smallrye-common-io\2.12.2\smallrye-common-io-2.12.2.jar;C:\Users\stepa\.m2\repository\org\eclipse\sisu\org.eclipse.sisu.inject\0.9.0.M4\org.eclipse.sisu.inject-0.9.0.M4.jar;C:\Users\stepa\.m2\repository\org\ow2\asm\asm\9.8\asm-9.8.jar;C:\Users\stepa\.m2\repository\io\quarkus\quarkus-test-common\3.24.4\quarkus-test-common-3.24.4.jar;C:\Users\stepa\.m2\repository\io\quarkus\quarkus-core-deployment\3.24.4\quarkus-core-deployment-3.24.4.jar;C:\Users\stepa\.m2\repository\org\aesh\readline\2.6\readline-2.6.jar;C:\Users\stepa\.m2\repository\org\fusesource\jansi\jansi\2.4.0\jansi-2.4.0.jar;C:\Users\stepa\.m2\repository\org\aesh\aesh\2.8.2\aesh-2.8.2.jar;C:\Users\stepa\.m2\repository\io\quarkus\gizmo\gizmo\1.9.0\gizmo-1.9.0.jar;C:\Users\stepa\.m2\repository\org\ow2\asm\asm-util\9.8\asm-util-9.8.jar;C:\Users\stepa\.m2\repository\org\ow2\asm\asm-analysis\9.8\asm-analysis-9.8.jar;C:\Users\stepa\.m2\repository\org\ow2\asm\asm-commons\9.8\asm-commons-9.8.jar;C:\Users\stepa\.m2\repository\org\ow2\asm\asm-tree\9.8\asm-tree-9.8.jar;C:\Users\stepa\.m2\repository\io\quarkus\quarkus-hibernate-validator-spi\3.24.4\quarkus-hibernate-validator-spi-3.24.4.jar;C:\Users\stepa\.m2\repository\io\quarkus\quarkus-class-change-agent\3.24.4\quarkus-class-change-agent-3.24.4.jar;C:\Users\stepa\.m2\repository\io\quarkus\quarkus-devtools-utilities\3.24.4\quarkus-devtools-utilities-3.24.4.jar;C:\Users\stepa\.m2\repository\io\quarkus\quarkus-builder\3.24.4\quarkus-builder-3.24.4.jar;C:\Users\stepa\.m2\repository\org\graalvm\sdk\nativeimage\23.1.2\nativeimage-23.1.2.jar;C:\Users\stepa\.m2\repository\org\graalvm\sdk\word\23.1.2\word-23.1.2.jar;C:\Users\stepa\.m2\repository\org\junit\platform\junit-platform-launcher\1.13.2\junit-platform-launcher-1.13.2.jar;C:\Users\stepa\.m2\repository\io\quarkus\quarkus-bootstrap-maven-resolver\3.24.4\quarkus-bootstrap-maven-resolver-3.24.4.jar;C:\Users\stepa\.m2\repository\io\smallrye\beanbag\smallrye-beanbag-maven\1.5.3\smallrye-beanbag-maven-1.5.3.jar;C:\Users\stepa\.m2\repository\io\smallrye\beanbag\smallrye-beanbag-sisu\1.5.3\smallrye-beanbag-sisu-1.5.3.jar;C:\Users\stepa\.m2\repository\io\smallrye\beanbag\smallrye-beanbag\1.5.3\smallrye-beanbag-1.5.3.jar;C:\Users\stepa\.m2\repository\javax\inject\javax.inject\1\javax.inject-1.jar;C:\Users\stepa\.m2\repository\org\apache\maven\maven-artifact\3.9.9\maven-artifact-3.9.9.jar;C:\Users\stepa\.m2\repository\org\apache\maven\maven-builder-support\3.9.9\maven-builder-support-3.9.9.jar;C:\Users\stepa\.m2\repository\org\apache\maven\maven-model\3.9.9\maven-model-3.9.9.jar;C:\Users\stepa\.m2\repository\org\apache\maven\maven-model-builder\3.9.9\maven-model-builder-3.9.9.jar;C:\Users\stepa\.m2\repository\org\apache\maven\maven-repository-metadata\3.9.9\maven-repository-metadata-3.9.9.jar;C:\Users\stepa\.m2\repository\org\apache\maven\maven-settings\3.9.9\maven-settings-3.9.9.jar;C:\Users\stepa\.m2\repository\org\apache\maven\resolver\maven-resolver-api\1.9.22\maven-resolver-api-1.9.22.jar;C:\Users\stepa\.m2\repository\org\apache\maven\resolver\maven-resolver-impl\1.9.22\maven-resolver-impl-1.9.22.jar;C:\Users\stepa\.m2\repository\org\apache\maven\resolver\maven-resolver-named-locks\1.9.22\maven-resolver-named-locks-1.9.22.jar;C:\Users\stepa\.m2\repository\org\apache\maven\resolver\maven-resolver-spi\1.9.22\maven-resolver-spi-1.9.22.jar;C:\Users\stepa\.m2\repository\org\apache\maven\resolver\maven-resolver-util\1.9.22\maven-resolver-util-1.9.22.jar;C:\Users\stepa\.m2\repository\org\apache\maven\resolver\maven-resolver-transport-http\1.9.23\maven-resolver-transport-http-1.9.23.jar;C:\Users\stepa\.m2\repository\org\apache\maven\wagon\wagon-provider-api\3.5.3\wagon-provider-api-3.5.3.jar;C:\Users\stepa\.m2\repository\org\apache\maven\wagon\wagon-http-shared\3.5.3\wagon-http-shared-3.5.3.jar;C:\Users\stepa\.m2\repository\org\codehaus\plexus\plexus-interpolation\1.26\plexus-interpolation-1.26.jar;C:\Users\stepa\.m2\repository\org\codehaus\plexus\plexus-utils\3.5.1\plexus-utils-3.5.1.jar;C:\Users\stepa\.m2\repository\org\codehaus\plexus\plexus-xml\4.0.2\plexus-xml-4.0.2.jar;C:\Users\stepa\.m2\repository\org\apache\maven\maven-xml-impl\4.0.0-alpha-7\maven-xml-impl-4.0.0-alpha-7.jar;C:\Users\stepa\.m2\repository\org\apache\maven\maven-api-xml\4.0.0-alpha-7\maven-api-xml-4.0.0-alpha-7.jar;C:\Users\stepa\.m2\repository\org\apache\maven\maven-api-meta\4.0.0-alpha-7\maven-api-meta-4.0.0-alpha-7.jar;C:\Users\stepa\.m2\repository\org\codehaus\plexus\plexus-cipher\2.0\plexus-cipher-2.0.jar;C:\Users\stepa\.m2\repository\org\codehaus\plexus\plexus-sec-dispatcher\2.0\plexus-sec-dispatcher-2.0.jar;C:\Users\stepa\.m2\repository\org\apache\maven\maven-embedder\3.9.9\maven-embedder-3.9.9.jar;C:\Users\stepa\.m2\repository\org\apache\maven\maven-core\3.9.9\maven-core-3.9.9.jar;C:\Users\stepa\.m2\repository\org\codehaus\plexus\plexus-component-annotations\2.1.0\plexus-component-annotations-2.1.0.jar;C:\Users\stepa\.m2\repository\org\apache\maven\maven-plugin-api\3.9.9\maven-plugin-api-3.9.9.jar;C:\Users\stepa\.m2\repository\org\apache\maven\shared\maven-shared-utils\3.4.2\maven-shared-utils-3.4.2.jar;C:\Users\stepa\.m2\repository\com\google\inject\guice\5.1.0\guice-5.1.0.jar;C:\Users\stepa\.m2\repository\aopalliance\aopalliance\1.0\aopalliance-1.0.jar;C:\Users\stepa\.m2\repository\com\google\guava\guava\33.4.8-jre\guava-33.4.8-jre.jar;C:\Users\stepa\.m2\repository\com\google\guava\failureaccess\1.0.1\failureaccess-1.0.1.jar;C:\Users\stepa\.m2\repository\javax\annotation\javax.annotation-api\1.3.2\javax.annotation-api-1.3.2.jar;C:\Users\stepa\.m2\repository\org\codehaus\plexus\plexus-classworlds\2.6.0\plexus-classworlds-2.6.0.jar;C:\Users\stepa\.m2\repository\commons-cli\commons-cli\1.8.0\commons-cli-1.8.0.jar;C:\Users\stepa\.m2\repository\org\eclipse\sisu\org.eclipse.sisu.plexus\0.9.0.M4\org.eclipse.sisu.plexus-0.9.0.M4.jar;C:\Users\stepa\.m2\repository\org\apache\maven\maven-settings-builder\3.9.9\maven-settings-builder-3.9.9.jar;C:\Users\stepa\.m2\repository\org\apache\maven\maven-resolver-provider\3.9.9\maven-resolver-provider-3.9.9.jar;C:\Users\stepa\.m2\repository\org\apache\maven\resolver\maven-resolver-connector-basic\1.9.22\maven-resolver-connector-basic-1.9.22.jar;C:\Users\stepa\.m2\repository\org\apache\maven\resolver\maven-resolver-transport-wagon\1.9.22\maven-resolver-transport-wagon-1.9.22.jar;C:\Users\stepa\.m2\repository\org\apache\maven\wagon\wagon-http\3.5.3\wagon-http-3.5.3.jar;C:\Users\stepa\.m2\repository\org\apache\maven\wagon\wagon-file\3.5.3\wagon-file-3.5.3.jar;C:\Users\stepa\.m2\repository\io\quarkus\quarkus-bootstrap-gradle-resolver\3.24.4\quarkus-bootstrap-gradle-resolver-3.24.4.jar;C:\Users\stepa\.m2\repository\io\smallrye\jandex\3.3.2\jandex-3.3.2.jar;C:\Users\stepa\.m2\repository\org\jboss\logging\commons-logging-jboss-logging\1.0.0.Final\commons-logging-jboss-logging-1.0.0.Final.jar;C:\Users\stepa\.m2\repository\io\quarkus\quarkus-junit5-config\3.24.4\quarkus-junit5-config-3.24.4.jar;C:\Users\stepa\.m2\repository\org\junit\jupiter\junit-jupiter-api\5.13.2\junit-jupiter-api-5.13.2.jar;C:\Users\stepa\.m2\repository\org\opentest4j\opentest4j\1.3.0\opentest4j-1.3.0.jar;C:\Users\stepa\.m2\repository\org\junit\platform\junit-platform-commons\1.13.2\junit-platform-commons-1.13.2.jar;C:\Users\stepa\.m2\repository\org\apiguardian\apiguardian-api\1.1.2\apiguardian-api-1.1.2.jar;C:\Users\stepa\.m2\repository\org\junit\jupiter\junit-jupiter\5.13.2\junit-jupiter-5.13.2.jar;C:\Users\stepa\.m2\repository\org\junit\jupiter\junit-jupiter-params\5.13.2\junit-jupiter-params-5.13.2.jar;C:\Users\stepa\.m2\repository\org\junit\jupiter\junit-jupiter-engine\5.13.2\junit-jupiter-engine-5.13.2.jar;C:\Users\stepa\.m2\repository\org\junit\platform\junit-platform-engine\1.13.2\junit-platform-engine-1.13.2.jar;C:\Users\stepa\.m2\repository\io\quarkus\quarkus-jdbc-h2\3.24.4\quarkus-jdbc-h2-3.24.4.jar;C:\Users\stepa\.m2\repository\com\h2database\h2\2.3.230\h2-2.3.230.jar;C:\Users\stepa\.m2\repository\org\locationtech\jts\jts-core\1.19.0\jts-core-1.19.0.jar;C:\Users\stepa\.m2\repository\io\quarkus\quarkus-junit5-mockito\3.24.4\quarkus-junit5-mockito-3.24.4.jar;C:\Users\stepa\.m2\repository\org\mockito\mockito-junit-jupiter\5.18.0\mockito-junit-jupiter-5.18.0.jar;C:\Users\stepa\.m2\repository\io\quarkus\quarkus-junit5-mockito-config\3.24.4\quarkus-junit5-mockito-config-3.24.4.jar;C:\Users\stepa\.m2\repository\io\quarkus\quarkus-arc-deployment\3.24.4\quarkus-arc-deployment-3.24.4.jar;C:\Users\stepa\.m2\repository\io\quarkus\quarkus-smallrye-context-propagation-spi\3.24.4\quarkus-smallrye-context-propagation-spi-3.24.4.jar;C:\Users\stepa\.m2\repository\io\quarkus\quarkus-vertx-http-dev-ui-spi\3.24.4\quarkus-vertx-http-dev-ui-spi-3.24.4.jar;C:\Users\stepa\.m2\repository\io\quarkus\quarkus-arc-dev\3.24.4\quarkus-arc-dev-3.24.4.jar;C:\Users\stepa\.m2\repository\io\quarkus\arc\arc-processor\3.24.4\arc-processor-3.24.4.jar;C:\Users\stepa\.m2\repository\org\mockito\mockito-core\5.18.0\mockito-core-5.18.0.jar;C:\Users\stepa\.m2\repository\net\bytebuddy\byte-buddy\1.17.5\byte-buddy-1.17.5.jar;C:\Users\stepa\.m2\repository\net\bytebuddy\byte-buddy-agent\1.17.5\byte-buddy-agent-1.17.5.jar;C:\Users\stepa\.m2\repository\org\objenesis\objenesis\3.3\objenesis-3.3.jar;C:\Users\stepa\.m2\repository\io\quarkus\quarkus-mutiny\3.24.4\quarkus-mutiny-3.24.4.jar;C:\Users\stepa\.m2\repository\io\quarkus\quarkus-smallrye-context-propagation\3.24.4\quarkus-smallrye-context-propagation-3.24.4.jar;C:\Users\stepa\.m2\repository\io\smallrye\smallrye-context-propagation\2.2.1\smallrye-context-propagation-2.2.1.jar;C:\Users\stepa\.m2\repository\io\smallrye\smallrye-context-propagation-api\2.2.1\smallrye-context-propagation-api-2.2.1.jar;C:\Users\stepa\.m2\repository\io\smallrye\smallrye-context-propagation-storage\2.2.1\smallrye-context-propagation-storage-2.2.1.jar;C:\Users\stepa\.m2\repository\io\smallrye\reactive\mutiny-smallrye-context-propagation\2.9.2\mutiny-smallrye-context-propagation-2.9.2.jar;C:\Users\stepa\.m2\repository\io\rest-assured\rest-assured\5.5.5\rest-assured-5.5.5.jar;C:\Users\stepa\.m2\repository\org\apache\groovy\groovy\4.0.22\groovy-4.0.22.jar;C:\Users\stepa\.m2\repository\org\apache\groovy\groovy-xml\4.0.22\groovy-xml-4.0.22.jar;C:\Users\stepa\.m2\repository\org\apache\httpcomponents\httpclient\4.5.14\httpclient-4.5.14.jar;C:\Users\stepa\.m2\repository\org\apache\httpcomponents\httpcore\4.4.16\httpcore-4.4.16.jar;C:\Users\stepa\.m2\repository\commons-codec\commons-codec\1.18.0\commons-codec-1.18.0.jar;C:\Users\stepa\.m2\repository\org\apache\httpcomponents\httpmime\4.5.14\httpmime-4.5.14.jar;C:\Users\stepa\.m2\repository\org\hamcrest\hamcrest\2.2\hamcrest-2.2.jar;C:\Users\stepa\.m2\repository\org\ccil\cowan\tagsoup\tagsoup\1.2.1\tagsoup-1.2.1.jar;C:\Users\stepa\.m2\repository\io\rest-assured\json-path\5.5.5\json-path-5.5.5.jar;C:\Users\stepa\.m2\repository\org\apache\groovy\groovy-json\4.0.22\groovy-json-4.0.22.jar;C:\Users\stepa\.m2\repository\io\rest-assured\rest-assured-common\5.5.5\rest-assured-common-5.5.5.jar;C:\Users\stepa\.m2\repository\io\rest-assured\xml-path\5.5.5\xml-path-5.5.5.jar;C:\Users\stepa\.m2\repository\io\quarkus\quarkus-hibernate-validator\3.24.4\quarkus-hibernate-validator-3.24.4.jar;C:\Users\stepa\.m2\repository\org\hibernate\validator\hibernate-validator\9.0.1.Final\hibernate-validator-9.0.1.Final.jar;C:\Users\stepa\.m2\repository\jakarta\validation\jakarta.validation-api\3.1.0\jakarta.validation-api-3.1.0.jar;C:\Users\stepa\.m2\repository\com\fasterxml\classmate\1.7.0\classmate-1.7.0.jar;C:\Users\stepa\.m2\repository\org\glassfish\expressly\expressly\6.0.0\expressly-6.0.0.jar;C:\Users\stepa\.m2\repository\jakarta\el\jakarta.el-api\6.0.1\jakarta.el-api-6.0.1.jar;C:\Users\stepa\.m2\repository\io\smallrye\config\smallrye-config-validator\3.13.2\smallrye-config-validator-3.13.2.jar;C:\Users\stepa\.m2\repository\jakarta\ws\rs\jakarta.ws.rs-api\3.1.0\jakarta.ws.rs-api-3.1.0.jar;C:\Users\stepa\.m2\repository\io\quarkus\quarkus-hibernate-orm-panache\3.24.4\quarkus-hibernate-orm-panache-3.24.4.jar;C:\Users\stepa\.m2\repository\io\quarkus\quarkus-hibernate-orm\3.24.4\quarkus-hibernate-orm-3.24.4.jar;C:\Users\stepa\.m2\repository\org\hibernate\orm\hibernate-core\7.0.6.Final\hibernate-core-7.0.6.Final.jar;C:\Users\stepa\.m2\repository\org\hibernate\models\hibernate-models\1.0.0\hibernate-models-1.0.0.jar;C:\Users\stepa\.m2\repository\org\antlr\antlr4-runtime\4.13.2\antlr4-runtime-4.13.2.jar;C:\Users\stepa\.m2\repository\org\hibernate\orm\hibernate-graalvm\7.0.6.Final\hibernate-graalvm-7.0.6.Final.jar;C:\Users\stepa\.m2\repository\jakarta\persistence\jakarta.persistence-api\3.2.0\jakarta.persistence-api-3.2.0.jar;C:\Users\stepa\.m2\repository\org\hibernate\quarkus-local-cache\0.3.1\quarkus-local-cache-0.3.1.jar;C:\Users\stepa\.m2\repository\io\quarkus\quarkus-caffeine\3.24.4\quarkus-caffeine-3.24.4.jar;C:\Users\stepa\.m2\repository\com\github\ben-manes\caffeine\caffeine\3.2.0\caffeine-3.2.0.jar;C:\Users\stepa\.m2\repository\org\jspecify\jspecify\1.0.0\jspecify-1.0.0.jar;C:\Users\stepa\.m2\repository\com\google\errorprone\error_prone_annotations\2.38.0\error_prone_annotations-2.38.0.jar;C:\Users\stepa\.m2\repository\io\quarkus\quarkus-hibernate-orm-panache-common\3.24.4\quarkus-hibernate-orm-panache-common-3.24.4.jar;C:\Users\stepa\.m2\repository\io\quarkus\quarkus-panache-hibernate-common\3.24.4\quarkus-panache-hibernate-common-3.24.4.jar;C:\Users\stepa\.m2\repository\io\quarkus\quarkus-panache-common\3.24.4\quarkus-panache-common-3.24.4.jar;C:\Users\stepa\.m2\repository\io\quarkus\quarkus-resteasy\3.24.4\quarkus-resteasy-3.24.4.jar;C:\Users\stepa\.m2\repository\io\quarkus\quarkus-vertx-http\3.24.4\quarkus-vertx-http-3.24.4.jar;C:\Users\stepa\.m2\repository\io\quarkus\quarkus-security-runtime-spi\3.24.4\quarkus-security-runtime-spi-3.24.4.jar;C:\Users\stepa\.m2\repository\io\quarkus\quarkus-tls-registry\3.24.4\quarkus-tls-registry-3.24.4.jar;C:\Users\stepa\.m2\repository\io\quarkus\quarkus-tls-registry-spi\3.24.4\quarkus-tls-registry-spi-3.24.4.jar;C:\Users\stepa\.m2\repository\io\smallrye\certs\smallrye-private-key-pem-parser\0.9.2\smallrye-private-key-pem-parser-0.9.2.jar;C:\Users\stepa\.m2\repository\io\smallrye\common\smallrye-common-vertx-context\2.12.2\smallrye-common-vertx-context-2.12.2.jar;C:\Users\stepa\.m2\repository\io\vertx\vertx-core\4.5.16\vertx-core-4.5.16.jar;C:\Users\stepa\.m2\repository\io\netty\netty-common\4.1.121.Final\netty-common-4.1.121.Final.jar;C:\Users\stepa\.m2\repository\io\netty\netty-buffer\4.1.121.Final\netty-buffer-4.1.121.Final.jar;C:\Users\stepa\.m2\repository\io\netty\netty-transport\4.1.121.Final\netty-transport-4.1.121.Final.jar;C:\Users\stepa\.m2\repository\io\netty\netty-handler\4.1.121.Final\netty-handler-4.1.121.Final.jar;C:\Users\stepa\.m2\repository\io\netty\netty-transport-native-unix-common\4.1.121.Final\netty-transport-native-unix-common-4.1.121.Final.jar;C:\Users\stepa\.m2\repository\io\netty\netty-handler-proxy\4.1.121.Final\netty-handler-proxy-4.1.121.Final.jar;C:\Users\stepa\.m2\repository\io\netty\netty-codec-socks\4.1.121.Final\netty-codec-socks-4.1.121.Final.jar;C:\Users\stepa\.m2\repository\io\netty\netty-codec-http\4.1.121.Final\netty-codec-http-4.1.121.Final.jar;C:\Users\stepa\.m2\repository\io\netty\netty-codec-http2\4.1.121.Final\netty-codec-http2-4.1.121.Final.jar;C:\Users\stepa\.m2\repository\io\netty\netty-resolver\4.1.121.Final\netty-resolver-4.1.121.Final.jar;C:\Users\stepa\.m2\repository\io\netty\netty-resolver-dns\4.1.121.Final\netty-resolver-dns-4.1.121.Final.jar;C:\Users\stepa\.m2\repository\io\netty\netty-codec-dns\4.1.121.Final\netty-codec-dns-4.1.121.Final.jar;C:\Users\stepa\.m2\repository\io\quarkus\security\quarkus-security\2.2.1\quarkus-security-2.2.1.jar;C:\Users\stepa\.m2\repository\io\quarkus\quarkus-vertx\3.24.4\quarkus-vertx-3.24.4.jar;C:\Users\stepa\.m2\repository\io\quarkus\quarkus-netty\3.24.4\quarkus-netty-3.24.4.jar;C:\Users\stepa\.m2\repository\io\netty\netty-codec\4.1.121.Final\netty-codec-4.1.121.Final.jar;C:\Users\stepa\.m2\repository\io\netty\netty-codec-haproxy\4.1.121.Final\netty-codec-haproxy-4.1.121.Final.jar;C:\Users\stepa\.m2\repository\io\quarkus\quarkus-virtual-threads\3.24.4\quarkus-virtual-threads-3.24.4.jar;C:\Users\stepa\.m2\repository\io\quarkus\quarkus-vertx-latebound-mdc-provider\3.24.4\quarkus-vertx-latebound-mdc-provider-3.24.4.jar;C:\Users\stepa\.m2\repository\io\smallrye\reactive\smallrye-mutiny-vertx-core\3.19.1\smallrye-mutiny-vertx-core-3.19.1.jar;C:\Users\stepa\.m2\repository\io\smallrye\reactive\smallrye-mutiny-vertx-runtime\3.19.1\smallrye-mutiny-vertx-runtime-3.19.1.jar;C:\Users\stepa\.m2\repository\io\smallrye\reactive\vertx-mutiny-generator\3.19.1\vertx-mutiny-generator-3.19.1.jar;C:\Users\stepa\.m2\repository\io\vertx\vertx-codegen\4.5.16\vertx-codegen-4.5.16.jar;C:\Users\stepa\.m2\repository\io\smallrye\smallrye-fault-tolerance-vertx\6.9.1\smallrye-fault-tolerance-vertx-6.9.1.jar;C:\Users\stepa\.m2\repository\io\smallrye\reactive\smallrye-mutiny-vertx-web\3.19.1\smallrye-mutiny-vertx-web-3.19.1.jar;C:\Users\stepa\.m2\repository\io\smallrye\reactive\smallrye-mutiny-vertx-web-common\3.19.1\smallrye-mutiny-vertx-web-common-3.19.1.jar;C:\Users\stepa\.m2\repository\io\smallrye\reactive\smallrye-mutiny-vertx-auth-common\3.19.1\smallrye-mutiny-vertx-auth-common-3.19.1.jar;C:\Users\stepa\.m2\repository\io\smallrye\reactive\smallrye-mutiny-vertx-bridge-common\3.19.1\smallrye-mutiny-vertx-bridge-common-3.19.1.jar;C:\Users\stepa\.m2\repository\io\smallrye\reactive\smallrye-mutiny-vertx-uri-template\3.19.1\smallrye-mutiny-vertx-uri-template-3.19.1.jar;C:\Users\stepa\.m2\repository\io\vertx\vertx-uri-template\4.5.16\vertx-uri-template-4.5.16.jar;C:\Users\stepa\.m2\repository\io\vertx\vertx-web\4.5.16\vertx-web-4.5.16.jar;C:\Users\stepa\.m2\repository\io\vertx\vertx-web-common\4.5.16\vertx-web-common-4.5.16.jar;C:\Users\stepa\.m2\repository\io\vertx\vertx-auth-common\4.5.16\vertx-auth-common-4.5.16.jar;C:\Users\stepa\.m2\repository\io\vertx\vertx-bridge-common\4.5.16\vertx-bridge-common-4.5.16.jar;C:\Users\stepa\.m2\repository\io\github\crac\org-crac\0.1.3\org-crac-0.1.3.jar;C:\Users\stepa\.m2\repository\com\aayushatharva\brotli4j\brotli4j\1.16.0\brotli4j-1.16.0.jar;C:\Users\stepa\.m2\repository\com\aayushatharva\brotli4j\service\1.16.0\service-1.16.0.jar;C:\Users\stepa\.m2\repository\com\aayushatharva\brotli4j\native-windows-x86_64\1.16.0\native-windows-x86_64-1.16.0.jar;C:\Users\stepa\.m2\repository\io\quarkus\vertx\utils\quarkus-vertx-utils\3.24.4\quarkus-vertx-utils-3.24.4.jar;C:\Users\stepa\.m2\repository\io\quarkus\quarkus-resteasy-server-common\3.24.4\quarkus-resteasy-server-common-3.24.4.jar;C:\Users\stepa\.m2\repository\io\quarkus\quarkus-resteasy-common\3.24.4\quarkus-resteasy-common-3.24.4.jar;C:\Users\stepa\.m2\repository\org\eclipse\angus\angus-activation\2.0.2\angus-activation-2.0.2.jar;C:\Users\stepa\.m2\repository\org\jboss\resteasy\microprofile\microprofile-config\3.0.1.Final\microprofile-config-3.0.1.Final.jar;C:\Users\stepa\.m2\repository\jakarta\servlet\jakarta.servlet-api\6.0.0\jakarta.servlet-api-6.0.0.jar;C:\Users\stepa\.m2\repository\org\jboss\resteasy\resteasy-cdi\6.2.12.Final\resteasy-cdi-6.2.12.Final.jar;C:\Users\stepa\.m2\repository\io\quarkus\quarkus-resteasy-jackson\3.24.4\quarkus-resteasy-jackson-3.24.4.jar;C:\Users\stepa\.m2\repository\io\quarkus\quarkus-jackson\3.24.4\quarkus-jackson-3.24.4.jar;C:\Users\stepa\.m2\repository\com\fasterxml\jackson\core\jackson-databind\2.19.1\jackson-databind-2.19.1.jar;C:\Users\stepa\.m2\repository\com\fasterxml\jackson\datatype\jackson-datatype-jsr310\2.19.1\jackson-datatype-jsr310-2.19.1.jar;C:\Users\stepa\.m2\repository\com\fasterxml\jackson\datatype\jackson-datatype-jdk8\2.19.1\jackson-datatype-jdk8-2.19.1.jar;C:\Users\stepa\.m2\repository\com\fasterxml\jackson\module\jackson-module-parameter-names\2.19.1\jackson-module-parameter-names-2.19.1.jar;C:\Users\stepa\.m2\repository\org\jboss\resteasy\resteasy-jackson2-provider\6.2.12.Final\resteasy-jackson2-provider-6.2.12.Final.jar;C:\Users\stepa\.m2\repository\org\jboss\resteasy\resteasy-core-spi\6.2.12.Final\resteasy-core-spi-6.2.12.Final.jar;C:\Users\stepa\.m2\repository\org\jboss\resteasy\resteasy-core\6.2.12.Final\resteasy-core-6.2.12.Final.jar;C:\Users\stepa\.m2\repository\com\ibm\async\asyncutil\0.1.0\asyncutil-0.1.0.jar;C:\Users\stepa\.m2\repository\com\fasterxml\jackson\core\jackson-core\2.19.1\jackson-core-2.19.1.jar;C:\Users\stepa\.m2\repository\com\fasterxml\jackson\core\jackson-annotations\2.19.1\jackson-annotations-2.19.1.jar;C:\Users\stepa\.m2\repository\com\fasterxml\jackson\jakarta\rs\jackson-jakarta-rs-base\2.19.1\jackson-jakarta-rs-base-2.19.1.jar;C:\Users\stepa\.m2\repository\com\fasterxml\jackson\jakarta\rs\jackson-jakarta-rs-json-provider\2.19.1\jackson-jakarta-rs-json-provider-2.19.1.jar;C:\Users\stepa\.m2\repository\com\fasterxml\jackson\module\jackson-module-jakarta-xmlbind-annotations\2.19.1\jackson-module-jakarta-xmlbind-annotations-2.19.1.jar;C:\Users\stepa\.m2\repository\com\github\java-json-tools\json-patch\1.13\json-patch-1.13.jar;C:\Users\stepa\.m2\repository\com\github\java-json-tools\msg-simple\1.2\msg-simple-1.2.jar;C:\Users\stepa\.m2\repository\com\github\java-json-tools\btf\1.3\btf-1.3.jar;C:\Users\stepa\.m2\repository\com\github\java-json-tools\jackson-coreutils\2.0\jackson-coreutils-2.0.jar;C:\Users\stepa\.m2\repository\jakarta\xml\bind\jakarta.xml.bind-api\4.0.2\jakarta.xml.bind-api-4.0.2.jar;C:\Users\stepa\.m2\repository\jakarta\activation\jakarta.activation-api\2.1.3\jakarta.activation-api-2.1.3.jar;C:\Users\stepa\.m2\repository\org\eclipse\yasson\3.0.4\yasson-3.0.4.jar;C:\Users\stepa\.m2\repository\jakarta\json\jakarta.json-api\2.1.3\jakarta.json-api-2.1.3.jar;C:\Users\stepa\.m2\repository\org\eclipse\parsson\parsson\1.1.7\parsson-1.1.7.jar;C:\Users\stepa\.m2\repository\jakarta\json\bind\jakarta.json.bind-api\3.0.1\jakarta.json.bind-api-3.0.1.jar;C:\Users\stepa\.m2\repository\io\quarkus\quarkus-smallrye-openapi\3.24.4\quarkus-smallrye-openapi-3.24.4.jar;C:\Users\stepa\.m2\repository\io\smallrye\smallrye-open-api-core\4.0.11\smallrye-open-api-core-4.0.11.jar;C:\Users\stepa\.m2\repository\org\eclipse\microprofile\openapi\microprofile-openapi-api\4.0.2\microprofile-openapi-api-4.0.2.jar;C:\Users\stepa\.m2\repository\io\smallrye\smallrye-open-api-model\4.0.11\smallrye-open-api-model-4.0.11.jar;C:\Users\stepa\.m2\repository\com\fasterxml\jackson\dataformat\jackson-dataformat-yaml\2.19.1\jackson-dataformat-yaml-2.19.1.jar;C:\Users\stepa\.m2\repository\io\smallrye\common\smallrye-common-classloader\2.12.2\smallrye-common-classloader-2.12.2.jar;C:\Users\stepa\.m2\repository\io\quarkus\quarkus-swagger-ui\3.24.4\quarkus-swagger-ui-3.24.4.jar;C:\Users\stepa\.m2\repository\io\quarkus\quarkus-kubernetes\3.24.4\quarkus-kubernetes-3.24.4.jar;C:\Users\stepa\.m2\repository\io\quarkus\quarkus-kubernetes-client-internal\3.24.4\quarkus-kubernetes-client-internal-3.24.4.jar;C:\Users\stepa\.m2\repository\io\quarkus\quarkus-container-image\3.24.4\quarkus-container-image-3.24.4.jar;C:\Users\stepa\.m2\repository\io\quarkus\quarkus-container-image-jib\3.24.4\quarkus-container-image-jib-3.24.4.jar;C:\Users\stepa\.m2\repository\io\quarkus\quarkus-config-yaml\3.24.4\quarkus-config-yaml-3.24.4.jar;C:\Users\stepa\.m2\repository\io\smallrye\config\smallrye-config-source-yaml\3.13.2\smallrye-config-source-yaml-3.13.2.jar;C:\Users\stepa\.m2\repository\io\smallrye\config\smallrye-config-common\3.13.2\smallrye-config-common-3.13.2.jar;C:\Users\stepa\.m2\repository\io\smallrye\common\smallrye-common-constraint\2.12.2\smallrye-common-constraint-2.12.2.jar;C:\Users\stepa\.m2\repository\org\eclipse\microprofile\config\microprofile-config-api\3.1\microprofile-config-api-3.1.jar;"/>
    <property name="sun.cpu.endian" value="little"/>
    <property name="vertx.disableWebsockets" value="true"/>
    <property name="user.home" value="C:\Users\stepa"/>
    <property name="user.language" value="ru"/>
    <property name="jboss.log-version" value="false"/>
    <property name="java.specification.vendor" value="Oracle Corporation"/>
    <property name="io.netty.allocator.maxOrder" value="3"/>
    <property name="java.version.date" value="2025-07-15"/>
    <property name="java.home" value="C:\Program Files\Java\jdk-21"/>
    <property name="file.separator" value="\"/>
    <property name="basedir" value="C:\MarketTest\storage-service"/>
    <property name="java.vm.compressedOopsMode" value="Zero based"/>
    <property name="line.separator" value="&#10;"/>
    <property name="java.vm.specification.vendor" value="Oracle Corporation"/>
    <property name="java.specification.name" value="Java Platform API Specification"/>
    <property name="%test.quarkus.http.port" value="64076"/>
    <property name="io.netty.allocator.disableCacheFinalizersForFastThreadLocalThreads" value="true"/>
    <property name="surefire.real.class.path" value="C:\Users\stepa\AppData\Local\Temp\surefire3380190241592750641\surefirebooter-20250728220005629_3.jar"/>
    <property name="user.script" value=""/>
    <property name="sun.management.compiler" value="HotSpot 64-Bit Tiered Compilers"/>
    <property name="java.runtime.version" value="21.0.8+12-LTS-250"/>
    <property name="user.name" value="stepa"/>
    <property name="stdout.encoding" value="Cp1251"/>
    <property name="dev.resteasy.exception.mapper" value="false"/>
    <property name="path.separator" value=";"/>
    <property name="os.version" value="10.0"/>
    <property name="java.runtime.name" value="Java(TM) SE Runtime Environment"/>
    <property name="file.encoding" value="UTF-8"/>
    <property name="java.vm.name" value="Java HotSpot(TM) 64-Bit Server VM"/>
    <property name="localRepository" value="C:\Users\stepa\.m2\repository"/>
    <property name="java.vendor.url.bug" value="https://bugreport.java.com/bugreport/"/>
    <property name="java.io.tmpdir" value="C:\Users\stepa\AppData\Local\Temp\"/>
    <property name="quarkus.log.file.path" value="target\quarkus.log"/>
    <property name="java.version" value="21.0.8"/>
    <property name="java.util.concurrent.ForkJoinPool.common.threadFactory" value="io.quarkus.bootstrap.forkjoin.QuarkusForkJoinWorkerThreadFactory"/>
    <property name="user.dir" value="C:\MarketTest\storage-service"/>
    <property name="os.arch" value="amd64"/>
    <property name="java.vm.specification.name" value="Java Virtual Machine Specification"/>
    <property name="vertx.disableDnsResolver" value="true"/>
    <property name="quarkus.profile" value="prod"/>
    <property name="sun.os.patch.level" value=""/>
    <property name="native.encoding" value="Cp1251"/>
    <property name="java.util.logging.manager" value="org.jboss.logmanager.LogManager"/>
    <property name="java.library.path" value="C:\Program Files\Java\jdk-21\bin;C:\WINDOWS\Sun\Java\bin;C:\WINDOWS\system32;C:\WINDOWS;C:\Program Files\NVIDIA GPU Computing Toolkit\CUDA\v12.8\bin;C:\Program Files\NVIDIA GPU Computing Toolkit\CUDA\v12.8\libnvvp;C:\oraclexe\app\oracle\product\11.2.0\server\bin;;C:\Program Files\Microsoft MPI\Bin\;C:\oraclexe\app\oracle\product\11.2.0\server\bin;C:\Program Files\Common Files\Oracle\Java\javapath;C:\Program Files (x86)\Common Files\Oracle\Java\java8path;C:\Program Files (x86)\Common Files\Oracle\Java\javapath;C:\WINDOWS\system32;C:\WINDOWS;C:\WINDOWS\System32\Wbem;C:\WINDOWS\System32\WindowsPowerShell\v1.0\;C:\WINDOWS\System32\OpenSSH\;C:\Program Files\NVIDIA Corporation\NVIDIA App\NvDLISR;C:\Program Files (x86)\NVIDIA Corporation\PhysX\Common;C:\Program Files (x86)\Windows Kits\10\Windows Performance Toolkit\;C:\Program Files\dotnet\;C:\php;C:\Program Files\Microsoft SQL Server\150\Tools\Binn\;C:\Program Files\Microsoft SQL Server\Client SDK\ODBC\170\Tools\Binn\;C:\ProgramData\ComposerSetup\bin;C:\Program Files\WireGuard\;C:\Program Files\Git\cmd;C:\Program Files\nodejs\;C:\Program Files\CMake\bin;C:\Program Files\NVIDIA Corporation\Nsight Compute 2025.1.1\;C:\ProgramData\chocolatey\bin;C:\Program Files\Docker\Docker\resources\bin;C:\Users\stepa\.jbang\bin;C:\Users\stepa\AppData\Local\Programs\Python\Python311\Scripts\;C:\Users\stepa\AppData\Local\Programs\Python\Python311\;C:\Program Files\MySQL\MySQL Shell 8.0\bin\;C:\Users\stepa\.local\bin;c:\Users\stepa\AppData\Local\Programs\Trae\bin;C:\Users\stepa\AppData\Local\Programs\Python\Launcher\;C:\Users\stepa\AppData\Local\Microsoft\WindowsApps;C:\Users\stepa\AppData\Local\Programs\Microsoft VS Code\bin;C:\Users\stepa\AppData\Roaming\Programs\Zero Install;C:\Users\stepa\.dotnet\tools;C:\Users\stepa\.cache\lm-studio\bin;C:\Users\stepa\AppData\Roaming\Composer\vendor\bin;C:\devtools\apache-maven-3.9.9\bin;C:\Users\stepa\AppData\Local\Microsoft\WindowsApps;C:\Users\stepa\AppData\Local\Programs\cursor\resources\app\bin;C:\Users\stepa\AppData\Local\Muse Hub\lib;C:\Users\stepa\AppData\Local\Programs\Ollama;C:\Users\stepa\AppData\Roaming\npm;C:\Users\stepa\AppData\Local\Packages\PythonSoftwareFoundation.Python.3.13_qbz5n2kfra8p0\LocalCache\local-packages\Python313\Scripts;C:\Users\stepa\.local\bin;C:\Users\stepa\Downloads\platform-tools-latest-windows\platform-tools;C:\Users\stepa\AppData\Local\Programs\Windsurf\bin;C:\php7.4.33;C:\Users\stepa\AppData\Local\Microsoft\WinGet\Packages\jqlang.jq_Microsoft.Winget.Source_8wekyb3d8bbwe;;."/>
    <property name="jdk.console" value="java.base"/>
    <property name="java.vm.info" value="mixed mode, sharing"/>
    <property name="stderr.encoding" value="Cp1251"/>
    <property name="java.vendor" value="Oracle Corporation"/>
    <property name="vertx.disableTCCL" value="true"/>
    <property name="java.vm.version" value="21.0.8+12-LTS-250"/>
    <property name="vertx.logger-delegate-factory-class-name" value="io.quarkus.vertx.core.runtime.VertxLogDelegateFactory"/>
    <property name="sun.io.unicode.encoding" value="UnicodeLittle"/>
    <property name="io.netty.machineId" value="fe:fb:b6:d7:bb:e6:1c:ec"/>
    <property name="java.class.version" value="65.0"/>
    <property name="quarkus.http.port" value="64076"/>
  </properties>
  <testcase name="updateProduct" classname="com.market.storage.resource.ProductResourceTest" time="0.062">
    <system-out><![CDATA[2025-07-28 22:00:17,683 INFO  [com.mar.sto.res.ProductResource] (executor-thread-1) ������ �� ���������� ������ � ID: 1, ����� ������: com.market.storage.dto.ProductRequestDTO@2485a351
]]></system-out>
  </testcase>
  <testcase name="createProductValidation" classname="com.market.storage.resource.ProductResourceTest" time="0.114"/>
  <testcase name="getProductByName" classname="com.market.storage.resource.ProductResourceTest" time="0.038">
    <system-out><![CDATA[2025-07-28 22:00:17,845 INFO  [com.mar.sto.res.ProductResource] (executor-thread-1) ������ �� ����� ������� �� ��������: 'testProduct'
]]></system-out>
  </testcase>
  <testcase name="deleteProduct" classname="com.market.storage.resource.ProductResourceTest" time="0.025">
    <system-out><![CDATA[2025-07-28 22:00:17,893 INFO  [com.mar.sto.res.ProductResource] (executor-thread-1) ������ �� �������� ������ � ID: 1
]]></system-out>
  </testcase>
  <testcase name="orderProduct" classname="com.market.storage.resource.ProductResourceTest" time="0.016">
    <system-out><![CDATA[2025-07-28 22:00:17,912 INFO  [com.mar.sto.res.ProductResource] (executor-thread-1) ������ �� ����� ������ ID: 1, ����������: 1
]]></system-out>
  </testcase>
  <testcase name="testGetProductById" classname="com.market.storage.resource.ProductResourceTest" time="0.025">
    <system-out><![CDATA[2025-07-28 22:00:17,926 INFO  [com.mar.sto.res.ProductResource] (executor-thread-1) ������ ������ �� ID: 1
]]></system-out>
  </testcase>
  <testcase name="testGetAllProducts" classname="com.market.storage.resource.ProductResourceTest" time="0.045">
    <system-out><![CDATA[2025-07-28 22:00:17,952 INFO  [com.mar.sto.res.ProductResource] (executor-thread-1) ��������� ������� �� ������ ���� �������
]]></system-out>
  </testcase>
  <testcase name="testGetProductByCategory" classname="com.market.storage.resource.ProductResourceTest" time="0.046">
    <system-out><![CDATA[2025-07-28 22:00:18,000 INFO  [com.mar.sto.res.ProductResource] (executor-thread-1) ������ ������� ��������� � ID: 1
]]></system-out>
  </testcase>
  <testcase name="createProduct" classname="com.market.storage.resource.ProductResourceTest" time="0.075">
    <system-out><![CDATA[2025-07-28 22:00:18,055 INFO  [com.mar.sto.res.ProductResource] (executor-thread-1) ������ �� �������� ������ ������: com.market.storage.dto.ProductRequestDTO@70afe7a6
HTTP/1.1 201 Created
Content-Type: application/json
content-length: 114

{
    "id": 1,
    "name": "testProduct",
    "category": {
        "id": 1,
        "name": "test"
    },
    "amount": 1,
    "description": "testProduct",
    "price": 100
}
]]></system-out>
  </testcase>
</testsuite>